<?xml version="1.0" encoding="UTF-8"?>
<!-- Generated by org.testng.reporters.JUnitXMLReporter -->
<testsuite hostname="USCAR1N7561" ignored="0" name="Command line test" tests="1" failures="1" timestamp="07 Sep 2018 18:42:06 GMT" time="63.408" errors="0">
  <testcase name="southWestAdvancedSearch" time="59.213" classname="core.HomeworkSession8.SouthWestAdvancedSearhTest">
    <failure type="java.lang.AssertionError" message="expected [true] but found [false]">
      <![CDATA[java.lang.AssertionError: expected [true] but found [false]
at core.HomeworkSession8.SouthWestAdvancedSearhTest.southWestAdvancedSearch(SouthWestAdvancedSearhTest.java:159)
... Removed 40 stack frames]]>
    </failure>
  </testcase> <!-- southWestAdvancedSearch -->
</testsuite> <!-- Command line test -->
